ALT for 'http://adam.heroku.com/' at: http://adam.heroku.com/feed
Couldn't find an alt for 'http://andraz.wpengine.com/'
ALT for 'http://antbits.blogspot.com/' at: http://antbits.blogspot.com/feeds/posts/default
ALT for 'http://apassant.net/blog/' at: http://apassant.net/blog/feed/
ALT for 'http://astellar.com/' at: http://astellar.com/feed/
ALT for 'http://attractivechaos.wordpress.com/' at: http://attractivechaos.wordpress.com/feed/
ALT for 'http://bartoszmilewski.wordpress.com' at: http://bartoszmilewski.com/feed/
ALT for 'http://bkiers.blogspot.com/' at: http://bkiers.blogspot.com/feeds/posts/default
ALT for 'http://blog.aggregateknowledge.com/' at: http://blog.aggregateknowledge.com/feed/
Couldn't find an alt for 'http://blog.calevans.com/'
ALT for 'http://blog.catchpoint.com/' at: http://blog.catchpoint.com/feed/
ALT for 'http://blog.factual.com/' at: http://blog.factual.com/feed
ALT for 'http://blog.mithis.net/' at: http://blog.mithis.net/feed
ALT for 'http://blog.moertel.com/' at: http://feeds.feedburner.com/TomMoertelsBlog
Couldn't find an alt for 'http://blog.mongodb.org/'
Couldn't find an alt for 'http://blog.regehr.org/'
ALT for 'http://blog.sindice.com/' at: http://blog.sindice.com/feed/
ALT for 'http://blog.tomayac.com/' at: http://blog.tomayac.com/atom.php
ALT for 'http://blog.zawodny.com/' at: http://blog.zawodny.com/feed/
Couldn't find an alt for 'http://bluesmoon.info/'
ALT for 'http://bramcohen.livejournal.com/' at: http://bramcohen.livejournal.com/data/rss
ALT for 'http://carcaddar.blogspot.com/' at: http://carcaddar.blogspot.com/feeds/posts/default
ALT for 'http://caseysoftware.com/' at: http://caseysoftware.com/blog/feed
ALT for 'http://codeascraft.com/' at: http://codeascraft.com/feed/
Couldn't find an alt for 'http://community.topcoder.com/tc?module=Static&d1=tutorials&d2=alg_index'
ALT for 'http://da-data.blogspot.com/' at: http://da-data.blogspot.com/feeds/posts/default
ALT for 'http://datacharmer.blogspot.com/' at: http://datacharmer.blogspot.com/feeds/posts/default
ALT for 'http://dbmsmusings.blogspot.com/' at: http://dbmsmusings.blogspot.com/feeds/posts/default
ALT for 'http://derickrethans.nl/' at: http://derickrethans.nl/feed.xml
ALT for 'http://developers-blog.helloreverb.com/' at: http://developers-blog.helloreverb.com/feed/
Couldn't find an alt for 'http://e-maxx.ru/algo/'
Couldn't find an alt for 'http://effbot.org/'
ALT for 'http://ejohn.org/blog/' at: http://feeds.feedburner.com/JohnResig
ALT for 'http://eli.thegreenplace.net/' at: http://eli.thegreenplace.net/feed/
ALT for 'http://embeddedgurus.com/' at: http://embeddedgurus.com/feed/
ALT for 'http://engineering.linkedin.com/blog' at: http://engineering.linkedin.com/taxonomy/term/1/feed
ALT for 'http://fastcompression.blogspot.fr/' at: http://fastcompression.blogspot.com/feeds/posts/default
ALT for 'http://highlyscalable.wordpress.com/' at: http://highlyscalable.wordpress.com/feed/
ALT for 'http://hughewilliams.com/' at: http://hughewilliams.com/feed/
ALT for 'http://hunch.net/' at: http://hunch.net/?feed=rss2
ALT for 'http://ilia.ws/' at: http://ilia.ws/feeds/index.rss2
ALT for 'http://jasonsirota.com/' at: http://jasonsirota.com/feed
ALT for 'http://k2code.blogspot.in/' at: http://k2code.blogspot.com/feeds/posts/default
ALT for 'http://karwin.blogspot.com/' at: http://karwin.blogspot.com/feeds/posts/default
ALT for 'http://laughingmeme.org/' at: http://laughingmeme.org/feed
ALT for 'http://lingpipe-blog.com/' at: http://lingpipe-blog.com/feed/
ALT for 'http://lojic.com/blog/' at: http://blog.lojic.com/feed/
ALT for 'http://lukaszwrobel.pl/' at: http://lukaszwrobel.pl/rss
Couldn't find an alt for 'http://manicode.blogspot.com/'
ALT for 'http://manu.sporny.org/' at: http://manu.sporny.org/feed/
ALT for 'http://matpalm.com/blog/' at: http://matpalm.com/blog/feed
ALT for 'http://maxoffsky.com/' at: http://maxoffsky.com/feed/
ALT for 'http://mechanical-sympathy.blogspot.com/' at: http://mechanical-sympathy.blogspot.com/feeds/posts/default
ALT for 'http://mikefrank.wordpress.com/' at: http://mikefrank.wordpress.com/feed/
ALT for 'http://mitchellh.com/' at: http://feeds.feedburner.com/mitchellh
ALT for 'http://mualanhlung017.wordpress.com/' at: http://mualanhlung017.wordpress.com/feed/
ALT for 'http://mwop.net/blog.html' at: http://mwop.net/blog-atom.xml
ALT for 'http://myprogrammingblog.com/' at: http://myprogrammingblog.com/feed/
ALT for 'http://nathanmarz.com/' at: http://feeds.feedburner.com/ThoughtsFromTheRedPlanet
ALT for 'http://natishalom.typepad.com/nati_shaloms_blog/gigaspaces/' at: http://natishalom.typepad.com/nati_shaloms_blog/atom.xml
ALT for 'http://nichol.as/' at: http://nichol.as/feed
Couldn't find an alt for 'http://oppugn.us/'
ALT for 'http://paulscott.co.za/blog/' at: http://paulscott.co.za/blog/feed/
ALT for 'http://perfcap.blogspot.com/' at: http://perfcap.blogspot.com/feeds/posts/default
ALT for 'http://petr-mitrichev.blogspot.com/' at: http://petr-mitrichev.blogspot.com/feeds/posts/default
ALT for 'http://practical-netkernel.blogspot.com/' at: http://practical-netkernel.blogspot.com/feeds/posts/default
ALT for 'http://research.swtch.com/' at: http://research.swtch.com/feed.atom
Couldn't find an alt for 'http://sandbox.chunkofwood.com/'
ALT for 'http://sauceio.com/' at: http://sauceio.com/index.php/feed/
ALT for 'http://scale-out-blog.blogspot.com/' at: http://scale-out-blog.blogspot.com/feeds/posts/default
Couldn't find an alt for 'http://spf13.com/'
ALT for 'http://sphinxsearch.com/blog/' at: http://www.sphinxsearch.com/blog/feed/rss
ALT for 'http://stevehanov.ca/' at: http://stevehanov.ca/blog/?atom
ALT for 'http://sujitpal.blogspot.com/' at: http://sujitpal.blogspot.com/feeds/posts/default
ALT for 'http://techblog.netflix.com/' at: http://techblog.netflix.com/feeds/posts/default
ALT for 'http://tom.preston-werner.com/' at: http://feeds.feedburner.com/tom-preston-werner
ALT for 'http://venublog.com/' at: http://venublog.com/feed
ALT for 'http://www.catonmat.net/' at: http://www.catonmat.net/feed/
Couldn't find an alt for 'http://www.cedexis.com/blog/'
Couldn't find an alt for 'http://www.csskarma.com/blog/'
ALT for 'http://www.dr-josiah.com/' at: http://www.dr-josiah.com/feeds/posts/default
ALT for 'http://www.ebaytechblog.com/' at: http://www.ebaytechblog.com/feed/
ALT for 'http://www.eschrade.com/' at: http://www.eschrade.com/feed/
ALT for 'http://www.gizmola.com/blog/' at: http://www.gizmola.com/blog/feeds/index.rss2
ALT for 'http://www.igvita.com/' at: http://www.igvita.com/feed/
ALT for 'http://www.jeff-barr.com/' at: http://www.jeff-barr.com/?feed=rss2
ALT for 'http://www.joelonsoftware.com/' at: http://www.joelonsoftware.com/rss.xml
ALT for 'http://www.johndcook.com/blog/' at: http://www.johndcook.com/blog/feed/
ALT for 'http://www.michaelnielsen.org/ddi/' at: http://www.michaelnielsen.org/ddi/feed/
ALT for 'http://www.mysqlperformanceblog.com/' at: http://www.mysqlperformanceblog.com/feed/
ALT for 'http://www.nczonline.net/blog/' at: http://feeds.nczonline.net/blog/
Couldn't find an alt for 'http://www.novaspivack.com/'
ALT for 'http://www.papayasoft.com/' at: http://feeds.feedburner.com/papayasoft
ALT for 'http://www.phpied.com/' at: http://www.phpied.com/feed/
ALT for 'http://www.sergeychernyshev.com/blog/' at: http://www.sergeychernyshev.com/blog/feed/
ALT for 'http://www.sheeri.com/' at: http://www.sheeri.org/feed/
Couldn't find an alt for 'http://www.shepherdspi.com/'
Couldn't find an alt for 'http://www.stevesouders.com/blog/'
ALT for 'http://www.strchr.com/' at: http://www.strchr.com/?feed=/
ALT for 'http://www.subbu.org/' at: http://feeds.feedburner.com/SubbuDotOrg
ALT for 'http://www.tbray.org/ongoing/' at: http://www.tbray.org/ongoing/ongoing.atom
ALT for 'http://www.tonicebrian.com/' at: http://www.tonicebrian.com/feed/
ALT for 'http://www.victortsaran.net/' at: http://www.victortsaran.net/rss.xml
ALT for 'http://www.xaprb.com/blog/' at: http://www.xaprb.com/blog/feed/
ALT for 'https://blog.twitter.com/engineering' at: https://blog.twitter.com/api/blog.rss?name=engineering
ALT for 'https://ocaml.janestreet.com/' at: https://ocaml.janestreet.com/?q=crss
ALT for 'https://tech.dropbox.com/' at: https://tech.dropbox.com/feed/
ALT for 'https://twitter.com/maymounkov' at: https://mobile.twitter.com/maymounkov
Couldn't read alt for 'https://mobile.twitter.com/maymounkov': 'title'
ALT for 'https://www.facebook.com/Engineering' at: https://www.facebook.com/Engineering
Couldn't read alt for 'https://www.facebook.com/Engineering': 'title'
